<?xml version="1.0" encoding="utf-8"?><testsuites name="pytest tests"><testsuite name="pytest" errors="0" failures="0" skipped="0" tests="3" time="0.918" timestamp="2026-05-08T05:49:10.055582+00:00" hostname="agent-env-2f4babe0-0c48-46fd-9e6d-8cbb076ccbb1"><testcase classname="backend.tests.test_health" name="test_health_endpoint_status" time="0.241" /><testcase classname="backend.tests.test_health" name="test_health_endpoint_payload" time="0.056" /><testcase classname="backend.tests.test_health" name="test_frontend_html_loads" time="0.170" /></testsuite></testsuites>